(0000) 3000  0011000000000000 (   1)                 .ORIG x3000
(3000) E02C  1110000000101100 (   3)                 LEA   R0 STRING
(3001) F022  1111000000100010 (   4)                 TRAP  x22
(3002) E23C  1110001000111100 (   6)                 LEA   R1 NUMBERS
(3003) 2440  0010010001000000 (   7)                 LD    R2 COUNT
(3004) F020  1111000000100000 (  11) LOOP_READ       TRAP  x20
(3005) F021  1111000000100001 (  12)                 TRAP  x21
(3006) 7100  0111000100000000 (  13)                 STR   R0 R4 #0
(3007) 1921  0001100100100001 (  14)                 ADD   R4 R4 #1
(3008) 263C  0010011000111100 (  15)                 LD    R3 NEG48
(3009) 1003  0001000000000011 (  16)                 ADD   R0 R0 R3
(300A) 7040  0111000001000000 (  17)                 STR   R0 R1 #0
(300B) 1261  0001001001100001 (  18)                 ADD   R1 R1 #1
(300C) 14BF  0001010010111111 (  19)                 ADD   R2 R2 #-1
(300D) 03F6  0000001111110110 (  20)                 BRP   LOOP_READ
(300E) E230  1110001000110000 (  22)                 LEA   R1 NUMBERS
(300F) 2434  0010010000110100 (  23)                 LD    R2 COUNT
(3010) 14BF  0001010010111111 (  24)                 ADD   R2 R2 #-1
(3011) 2832  0010100000110010 (  28) LOOP_SORT       LD    R4 COUNT
(3012) 193F  0001100100111111 (  29)                 ADD   R4 R4 #-1
(3013) E62B  1110011000101011 (  30)                 LEA   R3 NUMBERS
(3014) 60C0  0110000011000000 (  34) INLOOP          LDR   R0 R3 #0
(3015) 62C1  0110001011000001 (  35)                 LDR   R1 R3 #1
(3016) 9A7F  1001101001111111 (  36)                 NOT   R5 R1
(3017) 1B61  0001101101100001 (  37)                 ADD   R5 R5 #1
(3018) 1A05  0001101000000101 (  38)                 ADD   R5 R0 R5
(3019) 0802  0000100000000010 (  39)                 BRN   LOOP_SWAP
(301A) 72C0  0111001011000000 (  40)                 STR   R1 R3 #0
(301B) 70C1  0111000011000001 (  41)                 STR   R0 R3 #1
(301C) 16E1  0001011011100001 (  45) LOOP_SWAP       ADD   R3 R3 #1
(301D) 193F  0001100100111111 (  46)                 ADD   R4 R4 #-1
(301E) 03F5  0000001111110101 (  47)                 BRP   INLOOP
(301F) 14BF  0001010010111111 (  49)                 ADD   R2 R2 #-1
(3020) 03F0  0000001111110000 (  50)                 BRP   LOOP_SORT
(3021) 2025  0010000000100101 (  51)                 LD    R0 NEWLINE
(3022) F021  1111000000100001 (  52)                 TRAP  x21
(3023) E21B  1110001000011011 (  54)                 LEA   R1 NUMBERS
(3024) 241F  0010010000011111 (  55)                 LD    R2 COUNT
(3025) 6040  0110000001000000 (  59) LOOP_PRINT      LDR   R0 R1 #0
(3026) 261F  0010011000011111 (  60)                 LD    R3 POS48
(3027) 1003  0001000000000011 (  61)                 ADD   R0 R0 R3
(3028) F021  1111000000100001 (  62)                 TRAP  x21
(3029) 1261  0001001001100001 (  63)                 ADD   R1 R1 #1
(302A) 14BF  0001010010111111 (  64)                 ADD   R2 R2 #-1
(302B) 03F9  0000001111111001 (  65)                 BRP   LOOP_PRINT
(302C) F025  1111000000100101 (  67)                 TRAP  x25
(302D) 0045  0000000001000101 (  69) STRING          .FILL x0045
(302E) 006E  0000000001101110 (  69)                 .FILL x006E
(302F) 0074  0000000001110100 (  69)                 .FILL x0074
(3030) 0065  0000000001100101 (  69)                 .FILL x0065
(3031) 0072  0000000001110010 (  69)                 .FILL x0072
(3032) 0020  0000000000100000 (  69)                 .FILL x0020
(3033) 0035  0000000000110101 (  69)                 .FILL x0035
(3034) 0020  0000000000100000 (  69)                 .FILL x0020
(3035) 006E  0000000001101110 (  69)                 .FILL x006E
(3036) 0075  0000000001110101 (  69)                 .FILL x0075
(3037) 006D  0000000001101101 (  69)                 .FILL x006D
(3038) 0062  0000000001100010 (  69)                 .FILL x0062
(3039) 0065  0000000001100101 (  69)                 .FILL x0065
(303A) 0072  0000000001110010 (  69)                 .FILL x0072
(303B) 0073  0000000001110011 (  69)                 .FILL x0073
(303C) 003A  0000000000111010 (  69)                 .FILL x003A
(303D) 0020  0000000000100000 (  69)                 .FILL x0020
(303E) 0000  0000000000000000 (  69)                 .FILL x0000
(303F) 0000  0000000000000000 (  71) NUMBERS         .FILL x0000
(3040) 0000  0000000000000000 (  71)                 .FILL x0000
(3041) 0000  0000000000000000 (  71)                 .FILL x0000
(3042) 0000  0000000000000000 (  71)                 .FILL x0000
(3043) 0000  0000000000000000 (  71)                 .FILL x0000
(3044) 0005  0000000000000101 (  71) COUNT           .FILL x0005
(3045) FFD0  1111111111010000 (  72) NEG48           .FILL xFFD0
(3046) 0030  0000000000110000 (  73) POS48           .FILL x0030
(3047) 000A  0000000000001010 (  74) NEWLINE         .FILL x000A
