(0000) 3000  0011000000000000 (   1)                 .ORIG x3000
(3000) E017  1110000000010111 (   3)                 LEA   R0 string1
(3001) F022  1111000000100010 (   4)                 TRAP  x22
(3002) F020  1111000000100000 (   5)                 TRAP  x20
(3003) F021  1111000000100001 (   6)                 TRAP  x21
(3004) 1220  0001001000100000 (   7)                 ADD   R1 R0 #0
(3005) 2011  0010000000010001 (   9)                 LD    R0 one48
(3006) 1240  0001001001000000 (  10)                 ADD   R1 R1 R0
(3007) E010  1110000000010000 (  13)                 LEA   R0 string1
(3008) F022  1111000000100010 (  14)                 TRAP  x22
(3009) F020  1111000000100000 (  18) LOOP            TRAP  x20
(300A) F021  1111000000100001 (  19)                 TRAP  x21
(300B) 1420  0001010000100000 (  20)                 ADD   R2 R0 #0
(300C) 200A  0010000000001010 (  21)                 LD    R0 one48
(300D) 1480  0001010010000000 (  22)                 ADD   R2 R2 R0
(300E) 1642  0001011001000010 (  24)                 ADD   R3 R1 R2
(300F) F021  1111000000100001 (  25)                 TRAP  x21
(3010) E020  1110000000100000 (  30) OUTSIDE         LEA   R0 string2
(3011) F022  1111000000100010 (  31)                 TRAP  x22
(3012) 2003  0010000000000011 (  33)                 LD    R0 two48
(3013) 10C0  0001000011000000 (  34)                 ADD   R0 R3 R0
(3014) F021  1111000000100001 (  35)                 TRAP  x21
(3015) F025  1111000000100101 (  37)                 TRAP  x25
(3016) 0030  0000000000110000 (  38) two48           .FILL x0030
(3017) FFD0  1111111111010000 (  39) one48           .FILL xFFD0
(3018) 000A  0000000000001010 (  41) string1         .FILL x000A
(3019) 0050  0000000001010000 (  41)                 .FILL x0050
(301A) 006C  0000000001101100 (  41)                 .FILL x006C
(301B) 0065  0000000001100101 (  41)                 .FILL x0065
(301C) 0061  0000000001100001 (  41)                 .FILL x0061
(301D) 0073  0000000001110011 (  41)                 .FILL x0073
(301E) 0065  0000000001100101 (  41)                 .FILL x0065
(301F) 0020  0000000000100000 (  41)                 .FILL x0020
(3020) 0065  0000000001100101 (  41)                 .FILL x0065
(3021) 006E  0000000001101110 (  41)                 .FILL x006E
(3022) 0074  0000000001110100 (  41)                 .FILL x0074
(3023) 0065  0000000001100101 (  41)                 .FILL x0065
(3024) 0072  0000000001110010 (  41)                 .FILL x0072
(3025) 0020  0000000000100000 (  41)                 .FILL x0020
(3026) 0061  0000000001100001 (  41)                 .FILL x0061
(3027) 0020  0000000000100000 (  41)                 .FILL x0020
(3028) 006E  0000000001101110 (  41)                 .FILL x006E
(3029) 0075  0000000001110101 (  41)                 .FILL x0075
(302A) 006D  0000000001101101 (  41)                 .FILL x006D
(302B) 0062  0000000001100010 (  41)                 .FILL x0062
(302C) 0065  0000000001100101 (  41)                 .FILL x0065
(302D) 0072  0000000001110010 (  41)                 .FILL x0072
(302E) 003A  0000000000111010 (  41)                 .FILL x003A
(302F) 0020  0000000000100000 (  41)                 .FILL x0020
(3030) 0000  0000000000000000 (  41)                 .FILL x0000
(3031) 000A  0000000000001010 (  42) string2         .FILL x000A
(3032) 0053  0000000001010011 (  42)                 .FILL x0053
(3033) 0075  0000000001110101 (  42)                 .FILL x0075
(3034) 006D  0000000001101101 (  42)                 .FILL x006D
(3035) 006D  0000000001101101 (  42)                 .FILL x006D
(3036) 0061  0000000001100001 (  42)                 .FILL x0061
(3037) 003A  0000000000111010 (  42)                 .FILL x003A
(3038) 0020  0000000000100000 (  42)                 .FILL x0020
(3039) 0000  0000000000000000 (  42)                 .FILL x0000
