(0000) 3000  0011000000000000 (   1)                 .ORIG x3000
(3000) 2431  0010010000110001 (   3)                 LD    R2 INIT
(3001) E246  1110001001000110 (   4)                 LEA   R1 NUMBERS
(3002) 14A1  0001010010100001 (   8) LOOP_READ       ADD   R2 R2 #1
(3003) E02F  1110000000101111 (   9)                 LEA   R0 STRING
(3004) F022  1111000000100010 (  10)                 TRAP  x22
(3005) F020  1111000000100000 (  11)                 TRAP  x20
(3006) F021  1111000000100001 (  12)                 TRAP  x21
(3007) 1620  0001011000100000 (  14)                 ADD   R3 R0 #0
(3008) 283E  0010100000111110 (  15)                 LD    R4 NEG48
(3009) 16C4  0001011011000100 (  16)                 ADD   R3 R3 R4
(300A) 7640  0111011001000000 (  17)                 STR   R3 R1 #0
(300B) 1261  0001001001100001 (  18)                 ADD   R1 R1 #1
(300C) E037  1110000000110111 (  20)                 LEA   R0 NEWLINE
(300D) F022  1111000000100010 (  21)                 TRAP  x22
(300E) 16BB  0001011010111011 (  23)                 ADD   R3 R2 #-5
(300F) 0401  0000010000000001 (  24)                 BRZ   SORT
(3010) 0FF1  0000111111110001 (  25)                 BRNZP LOOP_READ
(3011) 2C3B  0010110000111011 (  28) SORT            LD    R6 COUNT
(3012) 19A0  0001100110100000 (  29)                 ADD   R4 R6 #0
(3013) 193F  0001100100111111 (  33) OUTLOOP         ADD   R4 R4 #-1
(3014) 040F  0000010000001111 (  34)                 BRZ   OUTPUT_LOOP
(3015) E632  1110011000110010 (  35)                 LEA   R3 NUMBERS
(3016) 1B20  0001101100100000 (  36)                 ADD   R5 R4 #0
(3017) 60C0  0110000011000000 (  40) INLOOP          LDR   R0 R3 #0
(3018) 62C1  0110001011000001 (  41)                 LDR   R1 R3 #1
(3019) 947F  1001010001111111 (  42)                 NOT   R2 R1
(301A) 14A1  0001010010100001 (  43)                 ADD   R2 R2 #1
(301B) 1402  0001010000000010 (  44)                 ADD   R2 R0 R2
(301C) 0804  0000100000000100 (  45)                 BRN   SWAP
(301D) 16E1  0001011011100001 (  47) SKIP_SWAP       ADD   R3 R3 #1
(301E) 1B7F  0001101101111111 (  48)                 ADD   R5 R5 #-1
(301F) 03F7  0000001111110111 (  49)                 BRP   INLOOP
(3020) 0FF2  0000111111110010 (  50)                 BRNZP OUTLOOP
(3021) 72C0  0111001011000000 (  53) SWAP            STR   R1 R3 #0
(3022) 70C1  0111000011000001 (  54)                 STR   R0 R3 #1
(3023) 0FF9  0000111111111001 (  55)                 BRNZP SKIP_SWAP
(3024) E223  1110001000100011 (  58) OUTPUT_LOOP     LEA   R1 NUMBERS
(3025) 240C  0010010000001100 (  59)                 LD    R2 INIT
(3026) 6040  0110000001000000 (  62) LOOP_PRINT      LDR   R0 R1 #0
(3027) 281E  0010100000011110 (  63)                 LD    R4 POS48
(3028) 1004  0001000000000100 (  64)                 ADD   R0 R0 R4
(3029) F021  1111000000100001 (  65)                 TRAP  x21
(302A) E019  1110000000011001 (  66)                 LEA   R0 NEWLINE
(302B) F022  1111000000100010 (  67)                 TRAP  x22
(302C) 1261  0001001001100001 (  68)                 ADD   R1 R1 #1
(302D) 14A1  0001010010100001 (  69)                 ADD   R2 R2 #1
(302E) 16BB  0001011010111011 (  70)                 ADD   R3 R2 #-5
(302F) 0401  0000010000000001 (  71)                 BRZ   END
(3030) 0FF5  0000111111110101 (  72)                 BRNZP LOOP_PRINT
(3031) F025  1111000000100101 (  75) END             TRAP  x25
(3032) 0000  0000000000000000 (  77) INIT            .FILL x0000
(3033) 0045  0000000001000101 (  78) STRING          .FILL x0045
(3034) 006E  0000000001101110 (  78)                 .FILL x006E
(3035) 0074  0000000001110100 (  78)                 .FILL x0074
(3036) 0065  0000000001100101 (  78)                 .FILL x0065
(3037) 0072  0000000001110010 (  78)                 .FILL x0072
(3038) 0020  0000000000100000 (  78)                 .FILL x0020
(3039) 0061  0000000001100001 (  78)                 .FILL x0061
(303A) 0020  0000000000100000 (  78)                 .FILL x0020
(303B) 006E  0000000001101110 (  78)                 .FILL x006E
(303C) 0075  0000000001110101 (  78)                 .FILL x0075
(303D) 006D  0000000001101101 (  78)                 .FILL x006D
(303E) 0062  0000000001100010 (  78)                 .FILL x0062
(303F) 0065  0000000001100101 (  78)                 .FILL x0065
(3040) 0072  0000000001110010 (  78)                 .FILL x0072
(3041) 003A  0000000000111010 (  78)                 .FILL x003A
(3042) 0020  0000000000100000 (  78)                 .FILL x0020
(3043) 0000  0000000000000000 (  78)                 .FILL x0000
(3044) 000A  0000000000001010 (  79) NEWLINE         .FILL x000A
(3045) 0000  0000000000000000 (  79)                 .FILL x0000
(3046) 0030  0000000000110000 (  80) POS48           .FILL x0030
(3047) FFD0  1111111111010000 (  81) NEG48           .FILL xFFD0
(3048) 0000  0000000000000000 (  83) NUMBERS         .FILL x0000
(3049) 0000  0000000000000000 (  83)                 .FILL x0000
(304A) 0000  0000000000000000 (  83)                 .FILL x0000
(304B) 0000  0000000000000000 (  83)                 .FILL x0000
(304C) 0000  0000000000000000 (  83)                 .FILL x0000
(304D) 0005  0000000000000101 (  83) COUNT           .FILL x0005
